  Bullet.cpp
  Enemy.cpp
  Game.cpp
Game.cpp(118): warning C4244: 'argument': conversion from 'float' to 'GLsizei', possible loss of data
Game.cpp(265): warning C4018: '<': signed/unsigned mismatch
Game.cpp(289): warning C4018: '<': signed/unsigned mismatch
Game.cpp(322): warning C4018: '<': signed/unsigned mismatch
Game.cpp(452): warning C4018: '<': signed/unsigned mismatch
Game.cpp(458): warning C4018: '<=': signed/unsigned mismatch
Game.cpp(473): warning C4018: '<': signed/unsigned mismatch
Game.cpp(479): warning C4018: '<=': signed/unsigned mismatch
Game.cpp(577): warning C4018: '<': signed/unsigned mismatch
Game.cpp(586): warning C4018: '<': signed/unsigned mismatch
Game.cpp(596): warning C4018: '<': signed/unsigned mismatch
Game.cpp(629): warning C4018: '<': signed/unsigned mismatch
Game.cpp(666): warning C4244: 'argument': conversion from 'time_t' to 'unsigned int', possible loss of data
Game.cpp(667): warning C4018: '<': signed/unsigned mismatch
Game.cpp(728): warning C4244: '-=': conversion from 'float' to 'int', possible loss of data
Game.cpp(859): warning C4244: 'argument': conversion from 'time_t' to 'unsigned int', possible loss of data
Game.cpp(878): warning C4244: 'initializing': conversion from 'int' to 'float', possible loss of data
Game.cpp(1004): warning C4018: '<': signed/unsigned mismatch
Game.cpp(1007): warning C4018: '<': signed/unsigned mismatch
Game.cpp(1029): warning C4018: '<': signed/unsigned mismatch
Game.cpp(1032): warning C4018: '<': signed/unsigned mismatch
Game.cpp(1076): warning C4018: '<': signed/unsigned mismatch
Game.cpp(1093): warning C4018: '<': signed/unsigned mismatch
Game.cpp(1208): warning C4018: '<': signed/unsigned mismatch
Game.cpp(1213): warning C4018: '<': signed/unsigned mismatch
Game.cpp(1220): warning C4018: '<': signed/unsigned mismatch
Game.cpp(1224): warning C4018: '<': signed/unsigned mismatch
Game.cpp(1243): warning C4244: '=': conversion from 'float' to 'int', possible loss of data
Game.cpp(1247): warning C4018: '<': signed/unsigned mismatch
Game.cpp(1251): warning C4018: '<': signed/unsigned mismatch
Game.cpp(1259): warning C4018: '<': signed/unsigned mismatch
Game.cpp(1261): warning C4244: 'argument': conversion from 'time_t' to 'unsigned int', possible loss of data
Game.cpp(1263): warning C4244: 'initializing': conversion from 'int' to 'float', possible loss of data
Game.cpp(1264): warning C4244: 'initializing': conversion from 'int' to 'float', possible loss of data
Game.cpp(1339): warning C4018: '<': signed/unsigned mismatch
Game.cpp(1344): warning C4018: '<': signed/unsigned mismatch
Game.cpp(1352): warning C4018: '<': signed/unsigned mismatch
Game.cpp(1357): warning C4018: '<': signed/unsigned mismatch
Game.cpp(1362): warning C4018: '<': signed/unsigned mismatch
Game.cpp(1379): warning C4018: '<': signed/unsigned mismatch
Game.cpp(1415): warning C4244: 'argument': conversion from 'float' to 'GLsizei', possible loss of data
Game.cpp(1456): warning C4244: 'argument': conversion from 'float' to 'GLsizei', possible loss of data
Game.cpp(1635): warning C4244: '=': conversion from 'int' to 'float', possible loss of data
Game.cpp(1636): warning C4244: '=': conversion from 'int' to 'float', possible loss of data
Game.cpp(1638): warning C4244: '=': conversion from 'int' to 'float', possible loss of data
Game.cpp(1639): warning C4244: '=': conversion from 'int' to 'float', possible loss of data
Game.cpp(1659): warning C4244: '=': conversion from 'int' to 'float', possible loss of data
Game.cpp(1660): warning C4244: '=': conversion from 'int' to 'float', possible loss of data
  GameObject.cpp
GameObject.cpp(27): warning C4018: '<': signed/unsigned mismatch
  Light.cpp
  LUT.cpp
LUT.cpp(19): warning C4018: '<': signed/unsigned mismatch
LUT.cpp(37): warning C4244: 'argument': conversion from 'float' to 'GLsizei', possible loss of data
  main.cpp
  Material.cpp
  Mesh.cpp
  Obstacles.cpp
  Player.cpp
Player.cpp(51): warning C4018: '<': signed/unsigned mismatch
Player.cpp(59): warning C4018: '<': signed/unsigned mismatch
  ShaderProgram.cpp
  sound.cpp
  Texture.cpp
  Timer.cpp
Timer.cpp(6): warning C4244: '=': conversion from 'int' to 'float', possible loss of data
Timer.cpp(16): warning C4244: '=': conversion from 'int' to 'float', possible loss of data
  Trap.cpp
  UIGameObject.cpp
LINK : warning LNK4098: defaultlib 'MSVCRTD' conflicts with use of other libs; use /NODEFAULTLIB:library
  Generating code
  1244 of 1263 functions (98.5%) were compiled, the rest were copied from previous compilation.
    10 functions were new in current compilation
    0 functions had inline decision re-evaluated but remain unchanged
  Finished generating code
  Game.vcxproj -> C:\Users\100623179\repos\pyroboy\Release\Game.exe
