  UIGameObject.cpp
  Trap.cpp
  Timer.cpp
c:\users\100623179\desktop\pyroboy\game\timer.cpp(6): warning C4244: '=': conversion from 'int' to 'float', possible loss of data
c:\users\100623179\desktop\pyroboy\game\timer.cpp(16): warning C4244: '=': conversion from 'int' to 'float', possible loss of data
  Texture.cpp
  sound.cpp
  ShaderProgram.cpp
  Player.cpp
c:\users\100623179\desktop\pyroboy\game\player.cpp(51): warning C4018: '<': signed/unsigned mismatch
c:\users\100623179\desktop\pyroboy\game\player.cpp(59): warning C4018: '<': signed/unsigned mismatch
  Obstacles.cpp
  Mesh.cpp
  Material.cpp
  main.cpp
  Light.cpp
  GameObject.cpp
c:\users\100623179\desktop\pyroboy\game\gameobject.cpp(27): warning C4018: '<': signed/unsigned mismatch
  Game.cpp
c:\users\100623179\desktop\pyroboy\game\game.cpp(119): warning C4244: 'argument': conversion from 'float' to 'GLsizei', possible loss of data
c:\users\100623179\desktop\pyroboy\game\game.cpp(249): warning C4018: '<': signed/unsigned mismatch
c:\users\100623179\desktop\pyroboy\game\game.cpp(273): warning C4018: '<': signed/unsigned mismatch
c:\users\100623179\desktop\pyroboy\game\game.cpp(306): warning C4018: '<': signed/unsigned mismatch
c:\users\100623179\desktop\pyroboy\game\game.cpp(436): warning C4018: '<': signed/unsigned mismatch
c:\users\100623179\desktop\pyroboy\game\game.cpp(442): warning C4018: '<=': signed/unsigned mismatch
c:\users\100623179\desktop\pyroboy\game\game.cpp(457): warning C4018: '<': signed/unsigned mismatch
c:\users\100623179\desktop\pyroboy\game\game.cpp(463): warning C4018: '<=': signed/unsigned mismatch
c:\users\100623179\desktop\pyroboy\game\game.cpp(544): warning C4018: '<': signed/unsigned mismatch
c:\users\100623179\desktop\pyroboy\game\game.cpp(553): warning C4018: '<': signed/unsigned mismatch
c:\users\100623179\desktop\pyroboy\game\game.cpp(563): warning C4018: '<': signed/unsigned mismatch
c:\users\100623179\desktop\pyroboy\game\game.cpp(596): warning C4018: '<': signed/unsigned mismatch
c:\users\100623179\desktop\pyroboy\game\game.cpp(633): warning C4244: 'argument': conversion from 'time_t' to 'unsigned int', possible loss of data
c:\users\100623179\desktop\pyroboy\game\game.cpp(634): warning C4018: '<': signed/unsigned mismatch
c:\users\100623179\desktop\pyroboy\game\game.cpp(826): warning C4244: 'argument': conversion from 'time_t' to 'unsigned int', possible loss of data
c:\users\100623179\desktop\pyroboy\game\game.cpp(845): warning C4244: 'initializing': conversion from 'int' to 'float', possible loss of data
c:\users\100623179\desktop\pyroboy\game\game.cpp(971): warning C4018: '<': signed/unsigned mismatch
c:\users\100623179\desktop\pyroboy\game\game.cpp(974): warning C4018: '<': signed/unsigned mismatch
c:\users\100623179\desktop\pyroboy\game\game.cpp(996): warning C4018: '<': signed/unsigned mismatch
c:\users\100623179\desktop\pyroboy\game\game.cpp(999): warning C4018: '<': signed/unsigned mismatch
c:\users\100623179\desktop\pyroboy\game\game.cpp(1043): warning C4018: '<': signed/unsigned mismatch
c:\users\100623179\desktop\pyroboy\game\game.cpp(1060): warning C4018: '<': signed/unsigned mismatch
c:\users\100623179\desktop\pyroboy\game\game.cpp(1175): warning C4018: '<': signed/unsigned mismatch
c:\users\100623179\desktop\pyroboy\game\game.cpp(1180): warning C4018: '<': signed/unsigned mismatch
c:\users\100623179\desktop\pyroboy\game\game.cpp(1187): warning C4018: '<': signed/unsigned mismatch
c:\users\100623179\desktop\pyroboy\game\game.cpp(1191): warning C4018: '<': signed/unsigned mismatch
c:\users\100623179\desktop\pyroboy\game\game.cpp(1213): warning C4018: '<': signed/unsigned mismatch
c:\users\100623179\desktop\pyroboy\game\game.cpp(1217): warning C4018: '<': signed/unsigned mismatch
c:\users\100623179\desktop\pyroboy\game\game.cpp(1225): warning C4018: '<': signed/unsigned mismatch
c:\users\100623179\desktop\pyroboy\game\game.cpp(1227): warning C4244: 'argument': conversion from 'time_t' to 'unsigned int', possible loss of data
c:\users\100623179\desktop\pyroboy\game\game.cpp(1229): warning C4244: 'initializing': conversion from 'int' to 'float', possible loss of data
c:\users\100623179\desktop\pyroboy\game\game.cpp(1230): warning C4244: 'initializing': conversion from 'int' to 'float', possible loss of data
c:\users\100623179\desktop\pyroboy\game\game.cpp(1287): warning C4018: '<': signed/unsigned mismatch
c:\users\100623179\desktop\pyroboy\game\game.cpp(1292): warning C4018: '<': signed/unsigned mismatch
c:\users\100623179\desktop\pyroboy\game\game.cpp(1300): warning C4018: '<': signed/unsigned mismatch
c:\users\100623179\desktop\pyroboy\game\game.cpp(1305): warning C4018: '<': signed/unsigned mismatch
c:\users\100623179\desktop\pyroboy\game\game.cpp(1310): warning C4018: '<': signed/unsigned mismatch
c:\users\100623179\desktop\pyroboy\game\game.cpp(1317): warning C4018: '<': signed/unsigned mismatch
c:\users\100623179\desktop\pyroboy\game\game.cpp(1322): warning C4018: '<': signed/unsigned mismatch
c:\users\100623179\desktop\pyroboy\game\game.cpp(1327): warning C4018: '<': signed/unsigned mismatch
c:\users\100623179\desktop\pyroboy\game\game.cpp(1363): warning C4244: 'argument': conversion from 'float' to 'GLsizei', possible loss of data
c:\users\100623179\desktop\pyroboy\game\game.cpp(1404): warning C4244: 'argument': conversion from 'float' to 'GLsizei', possible loss of data
c:\users\100623179\desktop\pyroboy\game\game.cpp(1583): warning C4244: '=': conversion from 'int' to 'float', possible loss of data
c:\users\100623179\desktop\pyroboy\game\game.cpp(1584): warning C4244: '=': conversion from 'int' to 'float', possible loss of data
c:\users\100623179\desktop\pyroboy\game\game.cpp(1586): warning C4244: '=': conversion from 'int' to 'float', possible loss of data
c:\users\100623179\desktop\pyroboy\game\game.cpp(1587): warning C4244: '=': conversion from 'int' to 'float', possible loss of data
c:\users\100623179\desktop\pyroboy\game\game.cpp(1607): warning C4244: '=': conversion from 'int' to 'float', possible loss of data
c:\users\100623179\desktop\pyroboy\game\game.cpp(1608): warning C4244: '=': conversion from 'int' to 'float', possible loss of data
  Enemy.cpp
  Bullet.cpp
  Generating Code...
  Game.vcxproj -> C:\Users\100623179\Desktop\pyroboy\Debug\Game.exe
  Game.vcxproj -> C:\Users\100623179\Desktop\pyroboy\Debug\Game.pdb (Partial PDB)
