  Game.cpp
Game.cpp(119): warning C4244: 'argument': conversion from 'float' to 'GLsizei', possible loss of data
Game.cpp(249): warning C4018: '<': signed/unsigned mismatch
Game.cpp(273): warning C4018: '<': signed/unsigned mismatch
Game.cpp(306): warning C4018: '<': signed/unsigned mismatch
Game.cpp(436): warning C4018: '<': signed/unsigned mismatch
Game.cpp(442): warning C4018: '<=': signed/unsigned mismatch
Game.cpp(457): warning C4018: '<': signed/unsigned mismatch
Game.cpp(463): warning C4018: '<=': signed/unsigned mismatch
Game.cpp(544): warning C4018: '<': signed/unsigned mismatch
Game.cpp(553): warning C4018: '<': signed/unsigned mismatch
Game.cpp(563): warning C4018: '<': signed/unsigned mismatch
Game.cpp(596): warning C4018: '<': signed/unsigned mismatch
Game.cpp(633): warning C4244: 'argument': conversion from 'time_t' to 'unsigned int', possible loss of data
Game.cpp(634): warning C4018: '<': signed/unsigned mismatch
Game.cpp(826): warning C4244: 'argument': conversion from 'time_t' to 'unsigned int', possible loss of data
Game.cpp(845): warning C4244: 'initializing': conversion from 'int' to 'float', possible loss of data
Game.cpp(986): warning C4018: '<': signed/unsigned mismatch
Game.cpp(989): warning C4018: '<': signed/unsigned mismatch
Game.cpp(1011): warning C4018: '<': signed/unsigned mismatch
Game.cpp(1014): warning C4018: '<': signed/unsigned mismatch
Game.cpp(1058): warning C4018: '<': signed/unsigned mismatch
Game.cpp(1075): warning C4018: '<': signed/unsigned mismatch
Game.cpp(1190): warning C4018: '<': signed/unsigned mismatch
Game.cpp(1195): warning C4018: '<': signed/unsigned mismatch
Game.cpp(1202): warning C4018: '<': signed/unsigned mismatch
Game.cpp(1206): warning C4018: '<': signed/unsigned mismatch
Game.cpp(1228): warning C4018: '<': signed/unsigned mismatch
Game.cpp(1232): warning C4018: '<': signed/unsigned mismatch
Game.cpp(1240): warning C4018: '<': signed/unsigned mismatch
Game.cpp(1242): warning C4244: 'argument': conversion from 'time_t' to 'unsigned int', possible loss of data
Game.cpp(1244): warning C4244: 'initializing': conversion from 'int' to 'float', possible loss of data
Game.cpp(1245): warning C4244: 'initializing': conversion from 'int' to 'float', possible loss of data
Game.cpp(1302): warning C4018: '<': signed/unsigned mismatch
Game.cpp(1307): warning C4018: '<': signed/unsigned mismatch
Game.cpp(1315): warning C4018: '<': signed/unsigned mismatch
Game.cpp(1320): warning C4018: '<': signed/unsigned mismatch
Game.cpp(1325): warning C4018: '<': signed/unsigned mismatch
Game.cpp(1332): warning C4018: '<': signed/unsigned mismatch
Game.cpp(1337): warning C4018: '<': signed/unsigned mismatch
Game.cpp(1342): warning C4018: '<': signed/unsigned mismatch
Game.cpp(1378): warning C4244: 'argument': conversion from 'float' to 'GLsizei', possible loss of data
Game.cpp(1419): warning C4244: 'argument': conversion from 'float' to 'GLsizei', possible loss of data
Game.cpp(1598): warning C4244: '=': conversion from 'int' to 'float', possible loss of data
Game.cpp(1599): warning C4244: '=': conversion from 'int' to 'float', possible loss of data
Game.cpp(1601): warning C4244: '=': conversion from 'int' to 'float', possible loss of data
Game.cpp(1602): warning C4244: '=': conversion from 'int' to 'float', possible loss of data
Game.cpp(1622): warning C4244: '=': conversion from 'int' to 'float', possible loss of data
Game.cpp(1623): warning C4244: '=': conversion from 'int' to 'float', possible loss of data
LINK : warning LNK4098: defaultlib 'MSVCRTD' conflicts with use of other libs; use /NODEFAULTLIB:library
  Generating code
  1 of 1066 functions ( 0.1%) were compiled, the rest were copied from previous compilation.
    0 functions were new in current compilation
    1 functions had inline decision re-evaluated but remain unchanged
  Finished generating code
  Game.vcxproj -> C:\Users\100618629\Desktop\pyroboy\Release\Game.exe
